# At time x process y state arr w total z remain y wait k
At time 1 process 1 started arr 1 total 12 remain 12 wait 0
At time 4 process 1 stopped arr 1 total 12 remain 9 wait 0
At time 4 process 2 started arr 1 total 3 remain 3 wait 3
At time 7 process 2 finished arr 1 total 3 remain 0 wait 3 TA 6 WTA 2.00
At time 7 process 3 started arr 1 total 3 remain 3 wait 6
At time 10 process 3 finished arr 1 total 3 remain 0 wait 6 TA 9 WTA 3.00
At time 10 process 4 started arr 1 total 8 remain 8 wait 9
At time 13 process 4 stopped arr 1 total 8 remain 5 wait 9
At time 13 process 5 started arr 1 total 6 remain 6 wait 12
At time 16 process 5 stopped arr 1 total 6 remain 3 wait 12
At time 16 process 6 started arr 1 total 7 remain 7 wait 15
At time 19 process 6 stopped arr 1 total 7 remain 4 wait 15
At time 19 process 7 started arr 1 total 10 remain 10 wait 18
At time 22 process 7 stopped arr 1 total 10 remain 7 wait 18
At time 22 process 1 resumed arr 1 total 12 remain 9 wait 18
At time 25 process 1 stopped arr 1 total 12 remain 6 wait 18
At time 25 process 4 resumed arr 1 total 8 remain 5 wait 21
At time 28 process 4 stopped arr 1 total 8 remain 2 wait 21
At time 28 process 5 resumed arr 1 total 6 remain 3 wait 24
At time 31 process 5 finished arr 1 total 6 remain 0 wait 24 TA 30 WTA 5.00
At time 31 process 6 resumed arr 1 total 7 remain 4 wait 27
At time 34 process 6 stopped arr 1 total 7 remain 1 wait 27
At time 34 process 8 started arr 20 total 2 remain 2 wait 14
At time 36 process 8 finished arr 20 total 2 remain 0 wait 14 TA 16 WTA 8.00
At time 36 process 7 resumed arr 1 total 10 remain 7 wait 32
At time 39 process 7 stopped arr 1 total 10 remain 4 wait 32
At time 39 process 1 resumed arr 1 total 12 remain 6 wait 32
At time 42 process 1 stopped arr 1 total 12 remain 3 wait 32
At time 42 process 4 resumed arr 1 total 8 remain 2 wait 35
At time 44 process 4 finished arr 1 total 8 remain 0 wait 35 TA 43 WTA 5.38
At time 44 process 6 resumed arr 1 total 7 remain 1 wait 37
At time 45 process 6 finished arr 1 total 7 remain 0 wait 37 TA 44 WTA 6.29
At time 45 process 7 resumed arr 1 total 10 remain 4 wait 38
At time 48 process 7 stopped arr 1 total 10 remain 1 wait 38
At time 48 process 1 resumed arr 1 total 12 remain 3 wait 38
At time 51 process 1 finished arr 1 total 12 remain 0 wait 38 TA 50 WTA 4.17
At time 51 process 9 started arr 46 total 6 remain 6 wait 5
At time 54 process 9 stopped arr 46 total 6 remain 3 wait 5
At time 54 process 10 started arr 47 total 6 remain 6 wait 7
At time 57 process 10 stopped arr 47 total 6 remain 3 wait 7
At time 57 process 7 resumed arr 1 total 10 remain 1 wait 47
At time 58 process 7 finished arr 1 total 10 remain 0 wait 47 TA 57 WTA 5.70
At time 58 process 9 resumed arr 46 total 6 remain 3 wait 9
At time 61 process 9 finished arr 46 total 6 remain 0 wait 9 TA 15 WTA 2.50
At time 61 process 10 resumed arr 47 total 6 remain 3 wait 11
At time 64 process 10 finished arr 47 total 6 remain 0 wait 11 TA 17 WTA 2.83
