# At time x process y state arr w total z remain y wait k
At time 1 process 1 started arr 1 total 8 remain 8 wait 0
At time 4 process 1 stopped arr 1 total 8 remain 5 wait 0
At time 4 process 2 started arr 1 total 8 remain 8 wait 3
At time 7 process 2 stopped arr 1 total 8 remain 5 wait 3
At time 7 process 3 started arr 1 total 8 remain 8 wait 6
At time 10 process 3 stopped arr 1 total 8 remain 5 wait 6
At time 10 process 4 started arr 1 total 10 remain 10 wait 9
At time 13 process 4 stopped arr 1 total 10 remain 7 wait 9
At time 13 process 5 started arr 1 total 16 remain 16 wait 12
At time 16 process 5 stopped arr 1 total 16 remain 13 wait 12
At time 16 process 6 started arr 1 total 16 remain 16 wait 15
At time 19 process 6 stopped arr 1 total 16 remain 13 wait 15
At time 19 process 1 resumed arr 1 total 8 remain 5 wait 15
At time 22 process 1 stopped arr 1 total 8 remain 2 wait 15
At time 22 process 2 resumed arr 1 total 8 remain 5 wait 18
At time 25 process 2 stopped arr 1 total 8 remain 2 wait 18
At time 25 process 3 resumed arr 1 total 8 remain 5 wait 21
At time 28 process 3 stopped arr 1 total 8 remain 2 wait 21
At time 28 process 4 resumed arr 1 total 10 remain 7 wait 24
At time 31 process 4 stopped arr 1 total 10 remain 4 wait 24
At time 31 process 5 resumed arr 1 total 16 remain 13 wait 27
At time 34 process 5 stopped arr 1 total 16 remain 10 wait 27
At time 34 process 6 resumed arr 1 total 16 remain 13 wait 30
At time 37 process 6 stopped arr 1 total 16 remain 10 wait 30
At time 37 process 1 resumed arr 1 total 8 remain 2 wait 30
At time 39 process 1 finished arr 1 total 8 remain 0 wait 30 TA 38 WTA 4.75
At time 39 process 2 resumed arr 1 total 8 remain 2 wait 32
At time 41 process 2 finished arr 1 total 8 remain 0 wait 32 TA 40 WTA 5.00
At time 41 process 3 resumed arr 1 total 8 remain 2 wait 34
At time 43 process 3 finished arr 1 total 8 remain 0 wait 34 TA 42 WTA 5.25
At time 43 process 7 started arr 1 total 8 remain 8 wait 42
At time 46 process 7 stopped arr 1 total 8 remain 5 wait 42
At time 46 process 4 resumed arr 1 total 10 remain 4 wait 39
At time 49 process 4 stopped arr 1 total 10 remain 1 wait 39
At time 49 process 5 resumed arr 1 total 16 remain 10 wait 42
At time 52 process 5 stopped arr 1 total 16 remain 7 wait 42
At time 52 process 6 resumed arr 1 total 16 remain 10 wait 45
At time 55 process 6 stopped arr 1 total 16 remain 7 wait 45
At time 55 process 7 resumed arr 1 total 8 remain 5 wait 51
At time 58 process 7 stopped arr 1 total 8 remain 2 wait 51
At time 58 process 4 resumed arr 1 total 10 remain 1 wait 48
At time 59 process 4 finished arr 1 total 10 remain 0 wait 48 TA 58 WTA 5.80
At time 59 process 8 started arr 1 total 9 remain 9 wait 58
At time 62 process 8 stopped arr 1 total 9 remain 6 wait 58
At time 62 process 5 resumed arr 1 total 16 remain 7 wait 52
At time 65 process 5 stopped arr 1 total 16 remain 4 wait 52
At time 65 process 6 resumed arr 1 total 16 remain 7 wait 55
At time 68 process 6 stopped arr 1 total 16 remain 4 wait 55
At time 68 process 7 resumed arr 1 total 8 remain 2 wait 61
At time 70 process 7 finished arr 1 total 8 remain 0 wait 61 TA 69 WTA 8.62
At time 70 process 8 resumed arr 1 total 9 remain 6 wait 66
At time 73 process 8 stopped arr 1 total 9 remain 3 wait 66
At time 73 process 5 resumed arr 1 total 16 remain 4 wait 60
At time 76 process 5 stopped arr 1 total 16 remain 1 wait 60
At time 76 process 6 resumed arr 1 total 16 remain 4 wait 63
At time 79 process 6 stopped arr 1 total 16 remain 1 wait 63
At time 79 process 8 resumed arr 1 total 9 remain 3 wait 72
At time 82 process 8 finished arr 1 total 9 remain 0 wait 72 TA 81 WTA 9.00
At time 82 process 5 resumed arr 1 total 16 remain 1 wait 66
At time 83 process 5 finished arr 1 total 16 remain 0 wait 66 TA 82 WTA 5.12
At time 83 process 6 resumed arr 1 total 16 remain 1 wait 67
At time 84 process 6 finished arr 1 total 16 remain 0 wait 67 TA 83 WTA 5.19
